AMAZON.NextIntent next player
AMAZON.NextIntent next
AMAZON.NextIntent go
AMAZON.NextIntent done
AMAZON.StopIntent game over
AMAZON.StopIntent checkmate
AMAZON.StopIntent stop the clock
ElapsedIntent how much time has elapsed
ElapsedIntent elapsed
ElapsedIntent how long as it been
ElapsedIntent what's the count
ElapsedIntent count
ElapsedIntent how long has it been
ElapsedIntent how long
ElapsedIntent how many minutes
ElapsedIntent how many seconds
MoveIntent move {Piece} {GridLetter} {GridNumber}
MoveIntent move {Piece} to {GridLetter} {GridNumber}
MoveIntent {Piece} {GridLetter} {GridNumber}
MoveIntent {Piece} to {GridLetter} {GridNumber}
MoveIntent {Piece} takes {GridLetter} {GridNumber}
